Determining if the pthread_create exist failed with the following output:
Change Dir: /home/onatimus/softask_ws/build/CMakeFiles/CMakeTmp

Run Build Command:"/usr/bin/make" "cmTC_dadd7/fast"
/usr/bin/make -f CMakeFiles/cmTC_dadd7.dir/build.make CMakeFiles/cmTC_dadd7.dir/build
make[1]: Entering directory '/home/onatimus/softask_ws/build/CMakeFiles/CMakeTmp'
Building C object CMakeFiles/cmTC_dadd7.dir/CheckSymbolExists.c.o
/usr/bin/cc     -o CMakeFiles/cmTC_dadd7.dir/CheckSymbolExists.c.o   -c /home/onatimus/softask_ws/build/CMakeFiles/CMakeTmp/CheckSymbolExists.c
Linking C executable cmTC_dadd7
/usr/bin/cmake -E cmake_link_script CMakeFiles/cmTC_dadd7.dir/link.txt --verbose=1
/usr/bin/cc       CMakeFiles/cmTC_dadd7.dir/CheckSymbolExists.c.o  -o cmTC_dadd7 -rdynamic 
CMakeFiles/cmTC_dadd7.dir/CheckSymbolExists.c.o: In function `main':
CheckSymbolExists.c:(.text+0x16): undefined reference to `pthread_create'
collect2: error: ld returned 1 exit status
CMakeFiles/cmTC_dadd7.dir/build.make:97: recipe for target 'cmTC_dadd7' failed
make[1]: *** [cmTC_dadd7] Error 1
make[1]: Leaving directory '/home/onatimus/softask_ws/build/CMakeFiles/CMakeTmp'
Makefile:126: recipe for target 'cmTC_dadd7/fast' failed
make: *** [cmTC_dadd7/fast] Error 2

File /home/onatimus/softask_ws/build/CMakeFiles/CMakeTmp/CheckSymbolExists.c:
/* */
#include <pthread.h>

int main(int argc, char** argv)
{
  (void)argv;
#ifndef pthread_create
  return ((int*)(&pthread_create))[argc];
#else
  (void)argc;
  return 0;
#endif
}

Determining if the function pthread_create exists in the pthreads failed with the following output:
Change Dir: /home/onatimus/softask_ws/build/CMakeFiles/CMakeTmp

Run Build Command:"/usr/bin/make" "cmTC_84961/fast"
/usr/bin/make -f CMakeFiles/cmTC_84961.dir/build.make CMakeFiles/cmTC_84961.dir/build
make[1]: Entering directory '/home/onatimus/softask_ws/build/CMakeFiles/CMakeTmp'
Building C object CMakeFiles/cmTC_84961.dir/CheckFunctionExists.c.o
/usr/bin/cc    -DCHECK_FUNCTION_EXISTS=pthread_create   -o CMakeFiles/cmTC_84961.dir/CheckFunctionExists.c.o   -c /usr/share/cmake-3.5/Modules/CheckFunctionExists.c
Linking C executable cmTC_84961
/usr/bin/cmake -E cmake_link_script CMakeFiles/cmTC_84961.dir/link.txt --verbose=1
/usr/bin/cc   -DCHECK_FUNCTION_EXISTS=pthread_create    CMakeFiles/cmTC_84961.dir/CheckFunctionExists.c.o  -o cmTC_84961 -rdynamic -lpthreads 
/usr/bin/ld: cannot find -lpthreads
collect2: error: ld returned 1 exit status
CMakeFiles/cmTC_84961.dir/build.make:97: recipe for target 'cmTC_84961' failed
make[1]: *** [cmTC_84961] Error 1
make[1]: Leaving directory '/home/onatimus/softask_ws/build/CMakeFiles/CMakeTmp'
Makefile:126: recipe for target 'cmTC_84961/fast' failed
make: *** [cmTC_84961/fast] Error 2


